<?xml version="1.0" encoding="UTF-8"?>
<!-- Generated by org.testng.reporters.JUnitReportReporter -->
<testsuite skipped="0" hostname="DESKTOP-PJSOCTU" name="com.erp.customer_script.CreateCustomer" tests="1" failures="0" timestamp="2020-04-05T12:55:02 IST" time="3.989" errors="0">
  <testcase name="testcreateCustomer" time="3.989" classname="com.erp.customer_script.CreateCustomer"/>
  <system-out/>
</testsuite> <!-- com.erp.customer_script.CreateCustomer -->
