<?xml version="1.0" encoding="UTF-8"?>
<!-- Generated by org.testng.reporters.JUnitReportReporter -->
<testsuite skipped="0" hostname="DESKTOP-PJSOCTU" name="com.erp.project_script.CreateProject" tests="1" failures="0" timestamp="2020-04-05T12:55:02 IST" time="3.668" errors="0">
  <testcase name="testCreateProject" time="3.668" classname="com.erp.project_script.CreateProject"/>
  <system-out/>
</testsuite> <!-- com.erp.project_script.CreateProject -->
